<?xml version="1.0" encoding="UTF-8"?>
<testsuite xmlns:xsi="http://www.w3.org/2001/XMLSchema-instance" xsi:noNamespaceSchemaLocation="https://maven.apache.org/surefire/maven-surefire-plugin/xsd/surefire-test-report.xsd" version="3.0.2" name="com.monopolydeal.KnownBugsTest" time="0.03" tests="12" errors="0" skipped="0" failures="0">
  <properties>
[...]
</properties>
  <testcase name="bug1_rentCardsHaveCorrectActionType" classname="com.monopolydeal.KnownBugsTest" time="0.005"/>
  <testcase name="bug2_playingRentCardCollectsRent" classname="com.monopolydeal.KnownBugsTest" time="0.009">
    <system-out><![CDATA[
=== Rent ===
Choose which property set to charge rent for:
  1. BROWN (2/2) - Rent: 2M
  0. Cancel
Enter choice (0-1): 
=== Rent ===
Rent amount: 2M. Choose a player to charge:
  1. Player 2 (Bank: 5M)
  0. Cancel
Enter choice (0-1): 
=== Choose Payment Card ===
Player 2 pays Player 1 for Rent. Owed: 2M, selected: 0M.
  1. [Bank] 5M - 5M
  0. Cancel
Enter choice (0-1): ]]></system-out>
  </testcase>
  <testcase name="bug3_wildCardReceivesColourAssignment" classname="com.monopolydeal.KnownBugsTest" time="0.007"/>
  <testcase name="bug4_doubleRentFlagClearedAtEndOfTurn" classname="com.monopolydeal.KnownBugsTest" time="0.001">
    <system-out><![CDATA[
=== Discard To 7 Cards ===
Player 1 must discard 1 more card(s):
  1. [Orange Property] (2M) #ID 5161
  2. [Pass Go] (1M) #ID 5211
  3. [Light Blue Property] (1M) #ID 5156
  4. [Rent Blue/Green] (1M) #ID 5195
  5. [Green Property] (4M) #ID 5170
  6. [2M] (2M) #ID 5138
  7. [House] (3M) #ID 5235
  8. [Double The Rent] (1M) #ID 5238
Enter choice (1-8): ]]></system-out>
  </testcase>
  <testcase name="bug6_rainbowSetIsNeverCompleteWithoutColourReassignment" classname="com.monopolydeal.KnownBugsTest" time="0.0"/>
  <testcase name="bug6_rainbowWildDoesNotCountAsCompleteSetForWinCondition" classname="com.monopolydeal.KnownBugsTest" time="0.001"/>
  <testcase name="bug7_factoryCreateActionRentDoesNotThrow" classname="com.monopolydeal.KnownBugsTest" time="0.001"/>
  <testcase name="bug7_factoryCreateActionRentReturnsCorrectType" classname="com.monopolydeal.KnownBugsTest" time="0.0"/>
  <testcase name="bug8_houseAttachesToFirstSetWhenOnlyOneValid" classname="com.monopolydeal.KnownBugsTest" time="0.001"/>
  <testcase name="bug8_houseAttachMenuShownWhenMultipleValidSets" classname="com.monopolydeal.KnownBugsTest" time="0.002">
    <system-out><![CDATA[
=== House ===
Choose a property set for House:
  1. BLUE (2/2)
  2. BROWN (2/2)
  0. Cancel
Enter choice (0-2): ]]></system-out>
  </testcase>
  <testcase name="bug9_endTurnEnforcesHandLimitViaGameLogic" classname="com.monopolydeal.KnownBugsTest" time="0.001">
    <system-out><![CDATA[
=== Discard To 7 Cards ===
Player 1 must discard 2 more card(s):
  1. [1M] (1M) #ID 5689
  2. [1M] (1M) #ID 5690
  3. [1M] (1M) #ID 5691
  4. [1M] (1M) #ID 5692
  5. [1M] (1M) #ID 5693
  6. [1M] (1M) #ID 5694
  7. [1M] (1M) #ID 5695
  8. [1M] (1M) #ID 5696
  9. [1M] (1M) #ID 5697
Enter choice (1-9): 
=== Discard To 7 Cards ===
Player 1 must discard 1 more card(s):
  1. [1M] (1M) #ID 5690
  2. [1M] (1M) #ID 5691
  3. [1M] (1M) #ID 5692
  4. [1M] (1M) #ID 5693
  5. [1M] (1M) #ID 5694
  6. [1M] (1M) #ID 5695
  7. [1M] (1M) #ID 5696
  8. [1M] (1M) #ID 5697
Enter choice (1-8): ]]></system-out>
  </testcase>
  <testcase name="bug9_endTurnDoesNotDiscardWhenHandWithinLimit" classname="com.monopolydeal.KnownBugsTest" time="0.0"/>
</testsuite>