<?xml version="1.0" encoding="UTF-8"?>
<testsuite xmlns:xsi="http://www.w3.org/2001/XMLSchema-instance" xsi:noNamespaceSchemaLocation="https://maven.apache.org/surefire/maven-surefire-plugin/xsd/surefire-test-report.xsd" version="3.0.2" name="com.monopolydeal.KnownBugsTest" time="0.057" tests="12" errors="0" skipped="0" failures="0">
  <properties>
[...]
</properties>
  <testcase name="bug1_rentCardsHaveCorrectActionType" classname="com.monopolydeal.KnownBugsTest" time="0.004"/>
  <testcase name="bug2_playingRentCardCollectsRent" classname="com.monopolydeal.KnownBugsTest" time="0.012">
    <system-out><![CDATA[
=== Rent ===
Choose which property set to charge rent for:
  1. BROWN (2/2) - Rent: 2M
  0. Cancel
Enter choice (0-1): 
=== Rent ===
Rent amount: 2M. Choose a player to charge:
  1. Player 2 (Bank: 5M)
  0. Cancel
Enter choice (0-1): 
=== Choose Payment Card ===
Player 2 pays Player 1 for Rent. Owed: 2M, selected: 0M.
  1. [Bank] 5M - 5M
  0. Cancel
Enter choice (0-1): ]]></system-out>
  </testcase>
  <testcase name="bug3_wildCardReceivesColourAssignment" classname="com.monopolydeal.KnownBugsTest" time="0.013"/>
  <testcase name="bug4_doubleRentFlagClearedAtEndOfTurn" classname="com.monopolydeal.KnownBugsTest" time="0.003">
    <system-out><![CDATA[
=== Discard To 7 Cards ===
Player 1 must discard 1 more card(s):
  1. [Just Say No] (4M) #ID 5633
  2. [3M] (3M) #ID 5556
  3. [Rent Red/Yellow] (1M) #ID 5607
  4. [Wild LightBlue/Black] (4M) #ID 5598
  5. [Deal Breaker] (5M) #ID 5640
  6. [Just Say No] (4M) #ID 5631
  7. [Wild Brown/LightBlue] (1M) #ID 5597
  8. [Double The Rent] (1M) #ID 5649
Enter choice (1-8): ]]></system-out>
  </testcase>
  <testcase name="bug6_rainbowSetIsNeverCompleteWithoutColourReassignment" classname="com.monopolydeal.KnownBugsTest" time="0.0"/>
  <testcase name="bug6_rainbowWildDoesNotCountAsCompleteSetForWinCondition" classname="com.monopolydeal.KnownBugsTest" time="0.002"/>
  <testcase name="bug7_factoryCreateActionRentDoesNotThrow" classname="com.monopolydeal.KnownBugsTest" time="0.001"/>
  <testcase name="bug7_factoryCreateActionRentReturnsCorrectType" classname="com.monopolydeal.KnownBugsTest" time="0.001"/>
  <testcase name="bug8_houseAttachesToFirstSetWhenOnlyOneValid" classname="com.monopolydeal.KnownBugsTest" time="0.001"/>
  <testcase name="bug8_houseAttachMenuShownWhenMultipleValidSets" classname="com.monopolydeal.KnownBugsTest" time="0.004">
    <system-out><![CDATA[
=== House ===
Choose a property set for House:
  1. BROWN (2/2)
  2. BLUE (2/2)
  0. Cancel
Enter choice (0-2): ]]></system-out>
  </testcase>
  <testcase name="bug9_endTurnEnforcesHandLimitViaGameLogic" classname="com.monopolydeal.KnownBugsTest" time="0.002">
    <system-out><![CDATA[
=== Discard To 7 Cards ===
Player 1 must discard 2 more card(s):
  1. [1M] (1M) #ID 6100
  2. [1M] (1M) #ID 6101
  3. [1M] (1M) #ID 6102
  4. [1M] (1M) #ID 6103
  5. [1M] (1M) #ID 6104
  6. [1M] (1M) #ID 6105
  7. [1M] (1M) #ID 6106
  8. [1M] (1M) #ID 6107
  9. [1M] (1M) #ID 6108
Enter choice (1-9): 
=== Discard To 7 Cards ===
Player 1 must discard 1 more card(s):
  1. [1M] (1M) #ID 6101
  2. [1M] (1M) #ID 6102
  3. [1M] (1M) #ID 6103
  4. [1M] (1M) #ID 6104
  5. [1M] (1M) #ID 6105
  6. [1M] (1M) #ID 6106
  7. [1M] (1M) #ID 6107
  8. [1M] (1M) #ID 6108
Enter choice (1-8): ]]></system-out>
  </testcase>
  <testcase name="bug9_endTurnDoesNotDiscardWhenHandWithinLimit" classname="com.monopolydeal.KnownBugsTest" time="0.002"/>
</testsuite>